  素数.c
test.obj : error LNK2005: main 已经在 素数.obj 中定义
D:\code\legend\测试\x64\Debug\测试.exe : fatal error LNK1169: 找到一个或多个多重定义的符号
